<?xml version="1.0" encoding="UTF-8"?>
<!-- Generated by org.testng.reporters.JUnitReportReporter -->
<testsuite hostname="LAPTOP-BHKF9L3F" failures="0" tests="2" name="pageObjectMainCalss.SampleMain" time="25.687" errors="0" timestamp="2024-03-08T13:51:16 IST" skipped="0">
  <testcase classname="pageObjectMainCalss.SampleMain" name="main_method" time="10.741"/>
  <testcase classname="pageObjectMainCalss.SampleMain" name="main_method2" time="14.946"/>
</testsuite> <!-- pageObjectMainCalss.SampleMain -->
